19:32:32.507 [debug] Child {XPLoggerFileBackend, :general_log} of Supervisor Logger.Backends.Supervisor started
Pid: #PID<0.96.0>
Start Call: Logger.Backends.Watcher.start_link({{XPLoggerFileBackend, :general_log}, {XPLoggerFileBackend, :general_log}})
Restart: :transient
Shutdown: 5000
Type: :worker
19:32:32.507 [info] Child Logger.Backends.Supervisor of Supervisor Logger.Backends.Internal started
Pid: #PID<0.95.0>
Start Call: Logger.Backends.Supervisor.start_link([{XPLoggerFileBackend, :general_log}])
Restart: :permanent
Shutdown: :infinity
Type: :supervisor
19:32:32.507 [info] Child Logger.Backends.Internal of Supervisor Logger.Supervisor started
Pid: #PID<0.91.0>
Start Call: Logger.Backends.Internal.start_link([])
Restart: :permanent
Shutdown: :infinity
Type: :supervisor
19:32:32.507 [info] Application logger started at :nonode@nohost
19:32:32.511 [info] Application eex started at :nonode@nohost
19:32:32.511 [info] Application xp_jason started at :nonode@nohost
19:32:32.511 [info] Application xp_mime started at :nonode@nohost
19:32:32.511 [info] Application xp_hpax started at :nonode@nohost
19:32:32.511 [info] Application crypto started at :nonode@nohost
19:32:32.511 [info] Application asn1 started at :nonode@nohost
19:32:32.511 [info] Application public_key started at :nonode@nohost
19:32:32.512 [debug] Child :ssl_handler of Supervisor :logger_sup started
Pid: #PID<0.102.0>
Start Call: :logger_olp.start_link(:logger_std_h_ssl_handler, :logger_h_common, %{id: :ssl_handler, module: :logger_std_h, config: %{type: :standard_io, filesync_repeat_interval: :no_repeat}, level: :debug, filters: [], formatter: {:ssl_logger, %{}}, filter_default: :stop}, %{})
Restart: :temporary
Shutdown: 2000
Type: :worker
19:32:32.514 [info] Child :ssl_pem_cache of Supervisor :ssl_admin_sup started
Pid: #PID<0.106.0>
Start Call: :ssl_pem_cache.start_link([])
Restart: :permanent
Shutdown: 4000
Type: :worker
19:32:32.516 [info] Child :ssl_manager of Supervisor :ssl_admin_sup started
Pid: #PID<0.107.0>
Start Call: :ssl_manager.start_link([])
Restart: :permanent
Shutdown: 4000
Type: :worker
19:32:32.517 [info] Child :tls_client_ticket_store of Supervisor :ssl_admin_sup started
Pid: #PID<0.108.0>
Start Call: :tls_client_ticket_store.start_link(1000, 7200)
Restart: :permanent
Shutdown: 4000
Type: :worker
19:32:32.517 [info] Child :ssl_admin_sup of Supervisor :ssl_sup started
Pid: #PID<0.105.0>
Start Call: :ssl_admin_sup.start_link()
Restart: :permanent
Shutdown: 4000
Type: :supervisor
19:32:32.518 [info] Child :tls_connection_sup of Supervisor :tls_sup started
Pid: #PID<0.111.0>
Start Call: :tls_connection_sup.start_link()
Restart: :permanent
Shutdown: 4000
Type: :supervisor
19:32:32.518 [info] Child :ssl_listen_tracker_sup of Supervisor :tls_server_sup started
Pid: #PID<0.113.0>
Start Call: :ssl_listen_tracker_sup.start_link()
Restart: :permanent
Shutdown: 4000
Type: :supervisor
19:32:32.518 [info] Child :tls_server_session_ticket of Supervisor :tls_server_sup started
Pid: #PID<0.114.0>
Start Call: :tls_server_session_ticket_sup.start_link()
Restart: :permanent
Shutdown: 4000
Type: :supervisor
19:32:32.519 [info] Child :ssl_server_session_cache_sup of Supervisor :tls_server_sup started
Pid: #PID<0.115.0>
Start Call: :ssl_server_session_cache_sup.start_link()
Restart: :permanent
Shutdown: 4000
Type: :supervisor
19:32:32.519 [info] Child :ssl_upgrade_server_session_cache_sup of Supervisor :tls_server_sup started
Pid: #PID<0.116.0>
Start Call: :ssl_upgrade_server_session_cache_sup.start_link()
Restart: :permanent
Shutdown: 4000
Type: :supervisor
19:32:32.519 [info] Child :tls_server_sup of Supervisor :tls_sup started
Pid: #PID<0.112.0>
Start Call: :tls_server_sup.start_link()
Restart: :permanent
Shutdown: 4000
Type: :supervisor
19:32:32.519 [info] Child :tls_sup of Supervisor :ssl_connection_sup started
Pid: #PID<0.110.0>
Start Call: :tls_sup.start_link()
Restart: :permanent
Shutdown: 4000
Type: :supervisor
19:32:32.519 [info] Child :dtls_connection_sup of Supervisor :dtls_sup started
Pid: #PID<0.118.0>
Start Call: :dtls_connection_sup.start_link()
Restart: :permanent
Shutdown: 4000
Type: :supervisor
19:32:32.520 [info] Child :dtls_listener_sup of Supervisor :dtls_server_sup started
Pid: #PID<0.120.0>
Start Call: :dtls_listener_sup.start_link()
Restart: :permanent
Shutdown: 4000
Type: :supervisor
19:32:32.520 [info] Child :dtls_server_session_cache_sup of Supervisor :dtls_server_sup started
Pid: #PID<0.121.0>
Start Call: :dtls_server_session_cache_sup.start_link()
Restart: :permanent
Shutdown: 4000
Type: :supervisor
19:32:32.520 [info] Child :dtls_server_sup of Supervisor :dtls_sup started
Pid: #PID<0.119.0>
Start Call: :dtls_server_sup.start_link()
Restart: :permanent
Shutdown: 4000
Type: :supervisor
19:32:32.520 [info] Child :dtls_sup of Supervisor :ssl_connection_sup started
Pid: #PID<0.117.0>
Start Call: :dtls_sup.start_link()
Restart: :permanent
Shutdown: 4000
Type: :supervisor
19:32:32.520 [info] Child :ssl_connection_sup of Supervisor :ssl_sup started
Pid: #PID<0.109.0>
Start Call: :ssl_connection_sup.start_link()
Restart: :permanent
Shutdown: 4000
Type: :supervisor
19:32:32.520 [info] Application ssl started at :nonode@nohost
19:32:32.521 [info] Application xp_mint started at :nonode@nohost
19:32:32.521 [info] Application xp_nimble_options started at :nonode@nohost
19:32:32.523 [info] Child XPNimblePool.TaskSupervisor of Supervisor #PID<0.127.0> (Supervisor.Default) started
Pid: #PID<0.128.0>
Start Call: Task.Supervisor.start_link([name: XPNimblePool.TaskSupervisor])
Restart: :permanent
Shutdown: :infinity
Type: :supervisor
19:32:32.523 [info] Application xp_nimble_pool started at :nonode@nohost
19:32:32.524 [info] Child :telemetry_handler_table of Supervisor :telemetry_sup started
Pid: #PID<0.132.0>
Start Call: :telemetry_handler_table.start_link()
Restart: :permanent
Shutdown: 5000
Type: :worker
19:32:32.524 [info] Application xp_telemetry started at :nonode@nohost
19:32:32.524 [info] Application xp_finch started at :nonode@nohost
19:32:32.536 [info] Child XPReq.Finch.PIDPartition0 of Supervisor XPReq.Finch started
Pid: #PID<0.138.0>
Start Call: Registry.Partition.start_link(XPReq.Finch.PIDPartition0, {:duplicate, XPReq.Finch, 0, 1, XPReq.Finch.KeyPartition0, XPReq.Finch.PIDPartition0, [], false})
Restart: :permanent
Shutdown: 5000
Type: :worker
19:32:32.536 [info] Child XPReq.Finch of Supervisor XPReq.Finch.Supervisor started
Pid: #PID<0.137.0>
Start Call: Registry.start_link([keys: :duplicate, name: XPReq.Finch, meta: [config: %{pools: %{}, registry_name: XPReq.Finch, supervisor_name: XPReq.Finch.PoolSupervisor, manager_name: XPReq.Finch.PoolManager, default_pool_config: %{count: 1, size: 50, mod: XPFinch.HTTP1.Pool, conn_opts: [protocols: [:http1], transport_opts: [keepalive: true, nodelay: true, timeout: 5000], ssl_key_log_file_device: nil], pool_max_idle_time: :infinity, conn_max_idle_time: :infinity, start_pool_metrics?: false}}]])
Restart: :permanent
Shutdown: :infinity
Type: :supervisor
19:32:32.536 [info] Child XPReq.Finch.PoolSupervisor of Supervisor XPReq.Finch.Supervisor started
Pid: #PID<0.139.0>
Start Call: DynamicSupervisor.start_link([name: XPReq.Finch.PoolSupervisor, strategy: :one_for_one])
Restart: :permanent
Shutdown: :infinity
Type: :supervisor
19:32:32.536 [info] Child XPFinch.PoolManager of Supervisor XPReq.Finch.Supervisor started
Pid: #PID<0.140.0>
Start Call: XPFinch.PoolManager.start_link(%{pools: %{}, registry_name: XPReq.Finch, supervisor_name: XPReq.Finch.PoolSupervisor, manager_name: XPReq.Finch.PoolManager, default_pool_config: %{count: 1, size: 50, mod: XPFinch.HTTP1.Pool, conn_opts: [protocols: [:http1], transport_opts: [keepalive: true, nodelay: true, timeout: 5000], ssl_key_log_file_device: nil], pool_max_idle_time: :infinity, conn_max_idle_time: :infinity, start_pool_metrics?: false}})
Restart: :permanent
Shutdown: 5000
Type: :worker
19:32:32.536 [info] Child XPReq.Finch of Supervisor #PID<0.135.0> (Supervisor.Default) started
Pid: #PID<0.136.0>
Start Call: XPFinch.start_link([name: XPReq.Finch, pools: %{default: [protocols: [:http1]]}])
Restart: :permanent
Shutdown: 5000
Type: :worker
19:32:32.536 [info] Child XPReq.FinchSupervisor of Supervisor #PID<0.135.0> (Supervisor.Default) started
Pid: #PID<0.141.0>
Start Call: DynamicSupervisor.start_link([strategy: :one_for_one, name: XPReq.FinchSupervisor])
Restart: :permanent
Shutdown: :infinity
Type: :supervisor
19:32:32.536 [info] Child XPReq.Test.Ownership of Supervisor #PID<0.135.0> (Supervisor.Default) started
Pid: #PID<0.142.0>
Start Call: XPReq.Test.Ownership.start_link([name: XPReq.Test.Ownership])
Restart: :permanent
Shutdown: 5000
Type: :worker
19:32:32.536 [info] Application xp_req started at :nonode@nohost
19:32:32.536 [info] Application burrito started at :nonode@nohost
19:32:32.537 [info] Child :alarm_handler of Supervisor :sasl_safe_sup started
Pid: #PID<0.147.0>
Start Call: :alarm_handler.start_link()
Restart: :permanent
Shutdown: 2000
Type: :worker
19:32:32.537 [info] Child :sasl_safe_sup of Supervisor :sasl_sup started
Pid: #PID<0.146.0>
Start Call: :supervisor.start_link({:local, :sasl_safe_sup}, :sasl, :safe)
Restart: :permanent
Shutdown: :infinity
Type: :supervisor
19:32:32.539 [info] Child :release_handler of Supervisor :sasl_sup started
Pid: #PID<0.148.0>
Start Call: :release_handler.start_link()
Restart: :permanent
Shutdown: 2000
Type: :worker
19:32:32.539 [info] Application sasl started at :nonode@nohost
19:32:32.541 [info] Child XPBriefly.Entry of Supervisor XPBriefly.Supervisor started
Pid: #PID<0.153.0>
Start Call: XPBriefly.Entry.start_link([])
Restart: :permanent
Shutdown: 5000
Type: :worker
19:32:32.541 [info] Application xp_briefly started at :nonode@nohost
19:32:32.541 [info] Application xp_schematic started at :nonode@nohost
19:32:32.541 [info] Application xp_typed_struct started at :nonode@nohost
19:32:32.541 [info] Application xp_gen_lsp started at :nonode@nohost
19:32:32.546 [info] Child XPSnowflake.Generator of Supervisor #PID<0.156.0> (Supervisor.Default) started
Pid: #PID<0.157.0>
Start Call: XPSnowflake.Generator.start_link(0, 1023)
Restart: :permanent
Shutdown: 5000
Type: :worker
19:32:32.546 [info] Application xp_snowflake started at :nonode@nohost
19:32:32.546 [info] Application xp_sourceror started at :nonode@nohost
19:32:32.546 [info] Application xp_spitfire started at :nonode@nohost
19:32:32.546 [info] Application xp_forge started at :nonode@nohost
19:32:32.546 [info] Application xp_logger_file_backend started at :nonode@nohost
19:32:32.549 [info] Child :ttb_autostart of Supervisor :runtime_tools_sup started
Pid: #PID<0.161.0>
Start Call: :ttb_autostart.start_link()
Restart: :temporary
Shutdown: 3000
Type: :worker
19:32:32.549 [info] Application runtime_tools started at :nonode@nohost
19:32:32.549 [info] Application et started at :nonode@nohost
19:32:32.549 [info] Application observer started at :nonode@nohost
19:32:32.549 [info] Application xp_path_glob started at :nonode@nohost
19:32:32.551 [error] Process #PID<0.162.0> terminating
** (exit) {:bad_return, {{XPExpert.Application, :start, [:normal, []]}, {:EXIT, {{:case_clause, []}, [{XPExpert.Application, :start, 2, [file: ~c"lib/expert/application.ex", line: 18]}, {:application_master, :start_it_old, 4, [file: ~c"application_master.erl", line: 295]}]}}}}
    (kernel 10.2.7.2) application_master.erl:143: :application_master.init/3
    (stdlib 6.2.2.2) proc_lib.erl:329: :proc_lib.init_p_do_apply/3
Initial Call: :application_master.init/3
Ancestors: [:application_controller, #PID<0.10.0>]
Message Queue Length: 1
Messages: [{:EXIT, #PID<0.163.0>, :normal}]
Links: [#PID<0.45.0>]
Dictionary: []
Trapping Exits: true
Status: :running
Heap Size: 376
Stack Size: 29
Reductions: 89
19:32:32.551 [info] Application xp_expert exited: exited in: XPExpert.Application.start(:normal, [])
    ** (EXIT) an exception was raised:
        ** (CaseClauseError) no case clause matching: []
            (xp_expert 0.1.0) lib/expert/application.ex:18: XPExpert.Application.start/2
            (kernel 10.2.7.2) application_master.erl:295: :application_master.start_it_old/4
19:32:32.552 [info] Application xp_path_glob exited: :stopped
19:32:32.552 [info] Application observer exited: :stopped
19:32:32.552 [info] Application et exited: :stopped
19:32:32.553 [info] Application runtime_tools exited: :stopped
19:32:32.553 [info] Application xp_logger_file_backend exited: :stopped
19:32:32.553 [info] Application xp_forge exited: :stopped
19:32:32.553 [info] Application xp_spitfire exited: :stopped
19:32:32.553 [info] Application xp_sourceror exited: :stopped
19:32:32.554 [info] Application xp_snowflake exited: :stopped
19:32:32.554 [info] Application xp_gen_lsp exited: :stopped
19:32:32.554 [info] Application xp_typed_struct exited: :stopped
19:32:32.554 [info] Application xp_schematic exited: :stopped
19:32:32.555 [info] Application xp_briefly exited: :stopped
19:32:32.556 [info] Application sasl exited: :stopped
19:32:32.556 [info] Application burrito exited: :stopped
19:32:32.556 [info] Application xp_req exited: :stopped
19:32:32.557 [info] Application xp_finch exited: :stopped
19:32:32.557 [info] Application xp_telemetry exited: :stopped
19:32:32.558 [info] Application xp_nimble_pool exited: :stopped
19:32:32.558 [info] Application xp_nimble_options exited: :stopped
19:32:32.558 [info] Application xp_mint exited: :stopped
19:32:32.560 [info] Application ssl exited: :stopped
19:32:32.561 [info] Application public_key exited: :stopped
19:32:32.561 [info] Application asn1 exited: :stopped
19:32:32.561 [info] Application crypto exited: :stopped
19:32:32.561 [info] Application xp_hpax exited: :stopped
19:32:32.561 [info] Application xp_mime exited: :stopped
19:32:32.561 [info] Application xp_jason exited: :stopped
19:32:32.561 [info] Application eex exited: :stopped
22:01:12.541 [info] SIGTERM received - shutting down

